==========================================
  Daily Health Report
  Report Date: 2026-02-19
  Generated: 2026-02-20 12:30:00
==========================================

❌ Health data file not found: /Users/jimmylu/Library/CloudStorage/GoogleDrive-*/Health Auto Export/Health Data/HealthAutoExport-2026-02-19.json
   Please ensure Health Auto Export is syncing to Google Drive
==========================================
  Daily Health Report
  Report Date: 2026-02-20
  Generated: 2026-02-21 12:30:00
==========================================

❌ Health data file not found: /Users/jimmylu/Library/CloudStorage/GoogleDrive-*/Health Auto Export/Health Data/HealthAutoExport-2026-02-20.json
   Please ensure Health Auto Export is syncing to Google Drive
==========================================
  Daily Health Report
  Report Date: 2026-02-21
  Generated: 2026-02-22 12:30:00
==========================================

❌ Health data file not found: /Users/jimmylu/Library/CloudStorage/GoogleDrive-*/Health Auto Export/Health Data/HealthAutoExport-2026-02-21.json
   Please ensure Health Auto Export is syncing to Google Drive
